[debug] [2021-12-09T17:28:46.393Z] ----------------------------------------------------------------------
[debug] [2021-12-09T17:28:46.395Z] Command:       E:\Program Files\nodejs\node.exe C:\Users\Norma\AppData\Roaming\npm\node_modules\firebase-tools\lib\bin\firebase.js init
[debug] [2021-12-09T17:28:46.395Z] CLI Version:   9.18.0
[debug] [2021-12-09T17:28:46.395Z] Platform:      win32
[debug] [2021-12-09T17:28:46.395Z] Node Version:  v14.17.6
[debug] [2021-12-09T17:28:46.396Z] Time:          Fri Dec 10 2021 00:28:46 GMT+0700 (Indochina Time)
[debug] [2021-12-09T17:28:46.396Z] ----------------------------------------------------------------------
[debug] 
[debug] [2021-12-09T17:28:46.402Z] >>> [apiv2][query] GET https://firebase-public.firebaseio.com/cli.json [none]
[debug] [2021-12-09T17:28:46.425Z] > command requires scopes: ["email","openid","https://www.googleapis.com/auth/cloudplatformprojects.readonly","https://www.googleapis.com/auth/firebase","https://www.googleapis.com/auth/cloud-platform"]
[debug] [2021-12-09T17:28:46.425Z] > authorizing via signed-in user (policebeam@gmail.com)
[info] 
     ######## #### ########  ######## ########     ###     ######  ########
     ##        ##  ##     ## ##       ##     ##  ##   ##  ##       ##
     ######    ##  ########  ######   ########  #########  ######  ######
     ##        ##  ##    ##  ##       ##     ## ##     ##       ## ##
     ##       #### ##     ## ######## ########  ##     ##  ######  ########

You're about to initialize a Firebase project in this directory:

  E:\Project\nakprad-web

[debug] [2021-12-09T17:28:47.211Z] <<< [apiv2][status] GET https://firebase-public.firebaseio.com/cli.json 200
[debug] [2021-12-09T17:28:47.211Z] <<< [apiv2][body] GET https://firebase-public.firebaseio.com/cli.json {"cloudBuildErrorAfter":1594252800000,"cloudBuildWarnAfter":1590019200000,"defaultNode10After":1594252800000,"minVersion":"3.0.5","node8DeploysDisabledAfter":1613390400000,"node8RuntimeDisabledAfter":1615809600000,"node8WarnAfter":1600128000000}
